# JRE version: Java(TM) SE Runtime Environment (8.0_25-b17) (build 1.8.0_25-b17)
# Java VM: Java HotSpot(TM) 64-Bit Server VM (25.25-b02 mixed mode linux-amd64 compressed oops)
Heap:
 PSYoungGen      total 312832K, used 28211K [0x00000000eab00000, 0x0000000100000000, 0x0000000100000000)
  eden space 283648K, 0% used [0x00000000eab00000,0x00000000eab00000,0x00000000fc000000)
  from space 29184K, 96% used [0x00000000fe380000,0x00000000fff0ce00,0x0000000100000000)
  to   space 32768K, 0% used [0x00000000fc000000,0x00000000fc000000,0x00000000fe000000)
 ParOldGen       total 175104K, used 45065K [0x00000000c0000000, 0x00000000cab00000, 0x00000000eab00000)
  object space 175104K, 25% used [0x00000000c0000000,0x00000000c2c027d0,0x00000000cab00000)
 Metaspace       used 57456K, capacity 59094K, committed 59160K, reserved 1099776K
  class space    used 7832K, capacity 8264K, committed 8320K, reserved 1048576K
GC Heap History (10 events):
Event: 30.557 GC heap after
Heap after GC invocations=8 (full 2):
 PSYoungGen      total 164864K, used 0K [0x00000000eab00000, 0x00000000f8b00000, 0x0000000100000000)
  eden space 152576K, 0% used [0x00000000eab00000,0x00000000eab00000,0x00000000f4000000)
  from space 12288K, 0% used [0x00000000f4e00000,0x00000000f4e00000,0x00000000f5a00000)
  to   space 14336K, 0% used [0x00000000f4000000,0x00000000f4000000,0x00000000f4e00000)
 ParOldGen       total 175104K, used 21218K [0x00000000c0000000, 0x00000000cab00000, 0x00000000eab00000)
  object space 175104K, 12% used [0x00000000c0000000,0x00000000c14b8a30,0x00000000cab00000)
 Metaspace       used 34576K, capacity 35222K, committed 35496K, reserved 1079296K
  class space    used 4721K, capacity 4869K, committed 4992K, reserved 1048576K
}
Event: 35.785 GC heap before
{Heap before GC invocations=9 (full 2):
 PSYoungGen      total 164864K, used 152576K [0x00000000eab00000, 0x00000000f8b00000, 0x0000000100000000)
  eden space 152576K, 100% used [0x00000000eab00000,0x00000000f4000000,0x00000000f4000000)
  from space 12288K, 0% used [0x00000000f4e00000,0x00000000f4e00000,0x00000000f5a00000)
  to   space 14336K, 0% used [0x00000000f4000000,0x00000000f4000000,0x00000000f4e00000)
 ParOldGen       total 175104K, used 21218K [0x00000000c0000000, 0x00000000cab00000, 0x00000000eab00000)
  object space 175104K, 12% used [0x00000000c0000000,0x00000000c14b8a30,0x00000000cab00000)
 Metaspace       used 38332K, capacity 39054K, committed 39424K, reserved 1083392K
  class space    used 5167K, capacity 5322K, committed 5376K, reserved 1048576K
Event: 35.836 GC heap after
Heap after GC invocations=9 (full 2):
 PSYoungGen      total 166912K, used 11560K [0x00000000eab00000, 0x00000000faa00000, 0x0000000100000000)
  eden space 152576K, 0% used [0x00000000eab00000,0x00000000eab00000,0x00000000f4000000)
  from space 14336K, 80% used [0x00000000f4000000,0x00000000f4b4a330,0x00000000f4e00000)
  to   space 14848K, 0% used [0x00000000f9b80000,0x00000000f9b80000,0x00000000faa00000)
 ParOldGen       total 175104K, used 21226K [0x00000000c0000000, 0x00000000cab00000, 0x00000000eab00000)
  object space 175104K, 12% used [0x00000000c0000000,0x00000000c14baa30,0x00000000cab00000)
 Metaspace       used 38332K, capacity 39054K, committed 39424K, reserved 1083392K
  class space    used 5167K, capacity 5322K, committed 5376K, reserved 1048576K
}
Event: 41.611 GC heap before
{Heap before GC invocations=10 (full 2):
 PSYoungGen      total 166912K, used 164136K [0x00000000eab00000, 0x00000000faa00000, 0x0000000100000000)
  eden space 152576K, 100% used [0x00000000eab00000,0x00000000f4000000,0x00000000f4000000)
  from space 14336K, 80% used [0x00000000f4000000,0x00000000f4b4a330,0x00000000f4e00000)
  to   space 14848K, 0% used [0x00000000f9b80000,0x00000000f9b80000,0x00000000faa00000)
 ParOldGen       total 175104K, used 21226K [0x00000000c0000000, 0x00000000cab00000, 0x00000000eab00000)
  object space 175104K, 12% used [0x00000000c0000000,0x00000000c14baa30,0x00000000cab00000)
 Metaspace       used 43707K, capacity 44652K, committed 44672K, reserved 1087488K
  class space    used 6035K, capacity 6271K, committed 6272K, reserved 1048576K
Event: 41.692 GC heap after
Heap after GC invocations=10 (full 2):
 PSYoungGen      total 241152K, used 14831K [0x00000000eab00000, 0x00000000fb480000, 0x0000000100000000)
  eden space 226304K, 0% used [0x00000000eab00000,0x00000000eab00000,0x00000000f8800000)
  from space 14848K, 99% used [0x00000000f9b80000,0x00000000fa9fbe08,0x00000000faa00000)
  to   space 19968K, 0% used [0x00000000f8800000,0x00000000f8800000,0x00000000f9b80000)
 ParOldGen       total 175104K, used 28726K [0x00000000c0000000, 0x00000000cab00000, 0x00000000eab00000)
  object space 175104K, 16% used [0x00000000c0000000,0x00000000c1c0d8a8,0x00000000cab00000)
 Metaspace       used 43707K, capacity 44652K, committed 44672K, reserved 1087488K
  class space    used 6035K, capacity 6271K, committed 6272K, reserved 1048576K
}
Event: 55.547 GC heap before
{Heap before GC invocations=11 (full 2):
 PSYoungGen      total 241152K, used 241135K [0x00000000eab00000, 0x00000000fb480000, 0x0000000100000000)
  eden space 226304K, 100% used [0x00000000eab00000,0x00000000f8800000,0x00000000f8800000)
  from space 14848K, 99% used [0x00000000f9b80000,0x00000000fa9fbe08,0x00000000faa00000)
  to   space 19968K, 0% used [0x00000000f8800000,0x00000000f8800000,0x00000000f9b80000)
 ParOldGen       total 175104K, used 28726K [0x00000000c0000000, 0x00000000cab00000, 0x00000000eab00000)
  object space 175104K, 16% used [0x00000000c0000000,0x00000000c1c0d8a8,0x00000000cab00000)
 Metaspace       used 50561K, capacity 51888K, committed 52224K, reserved 1093632K
  class space    used 7000K, capacity 7343K, committed 7424K, reserved 1048576K
Event: 55.876 GC heap after
Heap after GC invocations=11 (full 2):
 PSYoungGen      total 246272K, used 19952K [0x00000000eab00000, 0x0000000100000000, 0x0000000100000000)
  eden space 226304K, 0% used [0x00000000eab00000,0x00000000eab00000,0x00000000f8800000)
  from space 19968K, 99% used [0x00000000f8800000,0x00000000f9b7c208,0x00000000f9b80000)
  to   space 29184K, 0% used [0x00000000fe380000,0x00000000fe380000,0x0000000100000000)
 ParOldGen       total 175104K, used 45065K [0x00000000c0000000, 0x00000000cab00000, 0x00000000eab00000)
  object space 175104K, 25% used [0x00000000c0000000,0x00000000c2c027d0,0x00000000cab00000)
 Metaspace       used 50561K, capacity 51888K, committed 52224K, reserved 1093632K
  class space    used 7000K, capacity 7343K, committed 7424K, reserved 1048576K
}
Event: 64.414 GC heap before
{Heap before GC invocations=12 (full 2):
 PSYoungGen      total 246272K, used 132179K [0x00000000eab00000, 0x0000000100000000, 0x0000000100000000)
  eden space 226304K, 49% used [0x00000000eab00000,0x00000000f1898ba8,0x00000000f8800000)
  from space 19968K, 99% used [0x00000000f8800000,0x00000000f9b7c208,0x00000000f9b80000)
  to   space 29184K, 0% used [0x00000000fe380000,0x00000000fe380000,0x0000000100000000)
 ParOldGen       total 175104K, used 45065K [0x00000000c0000000, 0x00000000cab00000, 0x00000000eab00000)
  object space 175104K, 25% used [0x00000000c0000000,0x00000000c2c027d0,0x00000000cab00000)
 Metaspace       used 57456K, capacity 59094K, committed 59160K, reserved 1099776K
  class space    used 7832K, capacity 8264K, committed 8320K, reserved 1048576K
Event: 64.621 GC heap after
Heap after GC invocations=12 (full 2):
 PSYoungGen      total 312832K, used 28211K [0x00000000eab00000, 0x0000000100000000, 0x0000000100000000)
  eden space 283648K, 0% used [0x00000000eab00000,0x00000000eab00000,0x00000000fc000000)
  from space 29184K, 96% used [0x00000000fe380000,0x00000000fff0ce00,0x0000000100000000)
  to   space 32768K, 0% used [0x00000000fc000000,0x00000000fc000000,0x00000000fe000000)
 ParOldGen       total 175104K, used 45065K [0x00000000c0000000, 0x00000000cab00000, 0x00000000eab00000)
  object space 175104K, 25% used [0x00000000c0000000,0x00000000c2c027d0,0x00000000cab00000)
 Metaspace       used 57456K, capacity 59094K, committed 59160K, reserved 1099776K
  class space    used 7832K, capacity 8264K, committed 8320K, reserved 1048576K
}
Event: 64.621 GC heap before
{Heap before GC invocations=13 (full 3):
 PSYoungGen      total 312832K, used 28211K [0x00000000eab00000, 0x0000000100000000, 0x0000000100000000)
  eden space 283648K, 0% used [0x00000000eab00000,0x00000000eab00000,0x00000000fc000000)
  from space 29184K, 96% used [0x00000000fe380000,0x00000000fff0ce00,0x0000000100000000)
  to   space 32768K, 0% used [0x00000000fc000000,0x00000000fc000000,0x00000000fe000000)
 ParOldGen       total 175104K, used 45065K [0x00000000c0000000, 0x00000000cab00000, 0x00000000eab00000)
  object space 175104K, 25% used [0x00000000c0000000,0x00000000c2c027d0,0x00000000cab00000)
 Metaspace       used 57456K, capacity 59094K, committed 59160K, reserved 1099776K
  class space    used 7832K, capacity 8264K, committed 8320K, reserved 1048576K

