# JRE version: Java(TM) SE Runtime Environment (8.0_25-b17) (build 1.8.0_25-b17)
# Java VM: Java HotSpot(TM) 64-Bit Server VM (25.25-b02 mixed mode linux-amd64 compressed oops)
Heap:
 PSYoungGen      total 233472K, used 30673K [0x00000000eab00000, 0x00000000ffe80000, 0x0000000100000000)
  eden space 201728K, 0% used [0x00000000eab00000,0x00000000eab00000,0x00000000f7000000)
  from space 31744K, 96% used [0x00000000f7000000,0x00000000f8df46d8,0x00000000f8f00000)
  to   space 35840K, 0% used [0x00000000fdb80000,0x00000000fdb80000,0x00000000ffe80000)
 ParOldGen       total 192000K, used 48977K [0x00000000c0000000, 0x00000000cbb80000, 0x00000000eab00000)
  object space 192000K, 25% used [0x00000000c0000000,0x00000000c2fd4740,0x00000000cbb80000)
 Metaspace       used 57436K, capacity 59024K, committed 59096K, reserved 1099776K
  class space    used 7623K, capacity 8095K, committed 8152K, reserved 1048576K
GC Heap History (10 events):
Event: 33.658 GC heap after
Heap after GC invocations=9 (full 2):
 PSYoungGen      total 133120K, used 9020K [0x00000000eab00000, 0x00000000f6500000, 0x0000000100000000)
  eden space 118272K, 0% used [0x00000000eab00000,0x00000000eab00000,0x00000000f1e80000)
  from space 14848K, 60% used [0x00000000f1e80000,0x00000000f274f208,0x00000000f2d00000)
  to   space 13824K, 0% used [0x00000000f5780000,0x00000000f5780000,0x00000000f6500000)
 ParOldGen       total 192000K, used 21662K [0x00000000c0000000, 0x00000000cbb80000, 0x00000000eab00000)
  object space 192000K, 11% used [0x00000000c0000000,0x00000000c1527830,0x00000000cbb80000)
 Metaspace       used 37642K, capacity 38282K, committed 38528K, reserved 1083392K
  class space    used 5080K, capacity 5219K, committed 5248K, reserved 1048576K
}
Event: 37.484 GC heap before
{Heap before GC invocations=10 (full 2):
 PSYoungGen      total 133120K, used 127292K [0x00000000eab00000, 0x00000000f6500000, 0x0000000100000000)
  eden space 118272K, 100% used [0x00000000eab00000,0x00000000f1e80000,0x00000000f1e80000)
  from space 14848K, 60% used [0x00000000f1e80000,0x00000000f274f208,0x00000000f2d00000)
  to   space 13824K, 0% used [0x00000000f5780000,0x00000000f5780000,0x00000000f6500000)
 ParOldGen       total 192000K, used 21662K [0x00000000c0000000, 0x00000000cbb80000, 0x00000000eab00000)
  object space 192000K, 11% used [0x00000000c0000000,0x00000000c1527830,0x00000000cbb80000)
 Metaspace       used 41661K, capacity 42442K, committed 42496K, reserved 1085440K
  class space    used 5728K, capacity 5883K, committed 5888K, reserved 1048576K
Event: 37.579 GC heap after
Heap after GC invocations=10 (full 2):
 PSYoungGen      total 173568K, used 13807K [0x00000000eab00000, 0x00000000f7080000, 0x0000000100000000)
  eden space 159744K, 0% used [0x00000000eab00000,0x00000000eab00000,0x00000000f4700000)
  from space 13824K, 99% used [0x00000000f5780000,0x00000000f64fbc20,0x00000000f6500000)
  to   space 16896K, 0% used [0x00000000f4700000,0x00000000f4700000,0x00000000f5780000)
 ParOldGen       total 192000K, used 24896K [0x00000000c0000000, 0x00000000cbb80000, 0x00000000eab00000)
  object space 192000K, 12% used [0x00000000c0000000,0x00000000c18503f0,0x00000000cbb80000)
 Metaspace       used 41661K, capacity 42442K, committed 42496K, reserved 1085440K
  class space    used 5728K, capacity 5883K, committed 5888K, reserved 1048576K
}
Event: 47.626 GC heap before
{Heap before GC invocations=11 (full 2):
 PSYoungGen      total 173568K, used 173551K [0x00000000eab00000, 0x00000000f7080000, 0x0000000100000000)
  eden space 159744K, 100% used [0x00000000eab00000,0x00000000f4700000,0x00000000f4700000)
  from space 13824K, 99% used [0x00000000f5780000,0x00000000f64fbc20,0x00000000f6500000)
  to   space 16896K, 0% used [0x00000000f4700000,0x00000000f4700000,0x00000000f5780000)
 ParOldGen       total 192000K, used 24896K [0x00000000c0000000, 0x00000000cbb80000, 0x00000000eab00000)
  object space 192000K, 12% used [0x00000000c0000000,0x00000000c18503f0,0x00000000cbb80000)
 Metaspace       used 45845K, capacity 46984K, committed 47104K, reserved 1089536K
  class space    used 6333K, capacity 6635K, committed 6656K, reserved 1048576K
Event: 48.077 GC heap after
Heap after GC invocations=11 (full 2):
 PSYoungGen      total 176640K, used 16894K [0x00000000eab00000, 0x00000000fa700000, 0x0000000100000000)
  eden space 159744K, 0% used [0x00000000eab00000,0x00000000eab00000,0x00000000f4700000)
  from space 16896K, 99% used [0x00000000f4700000,0x00000000f577fa58,0x00000000f5780000)
  to   space 24576K, 0% used [0x00000000f8f00000,0x00000000f8f00000,0x00000000fa700000)
 ParOldGen       total 192000K, used 38200K [0x00000000c0000000, 0x00000000cbb80000, 0x00000000eab00000)
  object space 192000K, 19% used [0x00000000c0000000,0x00000000c254e308,0x00000000cbb80000)
 Metaspace       used 45845K, capacity 46984K, committed 47104K, reserved 1089536K
  class space    used 6333K, capacity 6635K, committed 6656K, reserved 1048576K
}
Event: 60.712 GC heap before
{Heap before GC invocations=12 (full 2):
 PSYoungGen      total 176640K, used 176638K [0x00000000eab00000, 0x00000000fa700000, 0x0000000100000000)
  eden space 159744K, 100% used [0x00000000eab00000,0x00000000f4700000,0x00000000f4700000)
  from space 16896K, 99% used [0x00000000f4700000,0x00000000f577fa58,0x00000000f5780000)
  to   space 24576K, 0% used [0x00000000f8f00000,0x00000000f8f00000,0x00000000fa700000)
 ParOldGen       total 192000K, used 38200K [0x00000000c0000000, 0x00000000cbb80000, 0x00000000eab00000)
  object space 192000K, 19% used [0x00000000c0000000,0x00000000c254e308,0x00000000cbb80000)
 Metaspace       used 54806K, capacity 56346K, committed 56576K, reserved 1097728K
  class space    used 7365K, capacity 7812K, committed 7936K, reserved 1048576K
Event: 61.030 GC heap after
Heap after GC invocations=12 (full 2):
 PSYoungGen      total 226304K, used 24556K [0x00000000eab00000, 0x00000000fb580000, 0x0000000100000000)
  eden space 201728K, 0% used [0x00000000eab00000,0x00000000eab00000,0x00000000f7000000)
  from space 24576K, 99% used [0x00000000f8f00000,0x00000000fa6fb030,0x00000000fa700000)
  to   space 31744K, 0% used [0x00000000f7000000,0x00000000f7000000,0x00000000f8f00000)
 ParOldGen       total 192000K, used 48969K [0x00000000c0000000, 0x00000000cbb80000, 0x00000000eab00000)
  object space 192000K, 25% used [0x00000000c0000000,0x00000000c2fd2740,0x00000000cbb80000)
 Metaspace       used 54806K, capacity 56346K, committed 56576K, reserved 1097728K
  class space    used 7365K, capacity 7812K, committed 7936K, reserved 1048576K
}
Event: 66.246 GC heap before
{Heap before GC invocations=13 (full 2):
 PSYoungGen      total 226304K, used 72041K [0x00000000eab00000, 0x00000000fb580000, 0x0000000100000000)
  eden space 201728K, 23% used [0x00000000eab00000,0x00000000ed95f5e8,0x00000000f7000000)
  from space 24576K, 99% used [0x00000000f8f00000,0x00000000fa6fb030,0x00000000fa700000)
  to   space 31744K, 0% used [0x00000000f7000000,0x00000000f7000000,0x00000000f8f00000)
 ParOldGen       total 192000K, used 48969K [0x00000000c0000000, 0x00000000cbb80000, 0x00000000eab00000)
  object space 192000K, 25% used [0x00000000c0000000,0x00000000c2fd2740,0x00000000cbb80000)
 Metaspace       used 57436K, capacity 59024K, committed 59096K, reserved 1099776K
  class space    used 7623K, capacity 8095K, committed 8152K, reserved 1048576K
Event: 66.628 GC heap after
Heap after GC invocations=13 (full 2):
 PSYoungGen      total 233472K, used 30673K [0x00000000eab00000, 0x00000000ffe80000, 0x0000000100000000)
  eden space 201728K, 0% used [0x00000000eab00000,0x00000000eab00000,0x00000000f7000000)
  from space 31744K, 96% used [0x00000000f7000000,0x00000000f8df46d8,0x00000000f8f00000)
  to   space 35840K, 0% used [0x00000000fdb80000,0x00000000fdb80000,0x00000000ffe80000)
 ParOldGen       total 192000K, used 48977K [0x00000000c0000000, 0x00000000cbb80000, 0x00000000eab00000)
  object space 192000K, 25% used [0x00000000c0000000,0x00000000c2fd4740,0x00000000cbb80000)
 Metaspace       used 57436K, capacity 59024K, committed 59096K, reserved 1099776K
  class space    used 7623K, capacity 8095K, committed 8152K, reserved 1048576K
}
Event: 66.628 GC heap before
{Heap before GC invocations=14 (full 3):
 PSYoungGen      total 233472K, used 30673K [0x00000000eab00000, 0x00000000ffe80000, 0x0000000100000000)
  eden space 201728K, 0% used [0x00000000eab00000,0x00000000eab00000,0x00000000f7000000)
  from space 31744K, 96% used [0x00000000f7000000,0x00000000f8df46d8,0x00000000f8f00000)
  to   space 35840K, 0% used [0x00000000fdb80000,0x00000000fdb80000,0x00000000ffe80000)
 ParOldGen       total 192000K, used 48977K [0x00000000c0000000, 0x00000000cbb80000, 0x00000000eab00000)
  object space 192000K, 25% used [0x00000000c0000000,0x00000000c2fd4740,0x00000000cbb80000)
 Metaspace       used 57436K, capacity 59024K, committed 59096K, reserved 1099776K
  class space    used 7623K, capacity 8095K, committed 8152K, reserved 1048576K

