# JRE version: Java(TM) SE Runtime Environment (8.0_25-b17) (build 1.8.0_25-b17)
# Java VM: Java HotSpot(TM) 64-Bit Server VM (25.25-b02 mixed mode linux-amd64 compressed oops)
Heap:
 PSYoungGen      total 232960K, used 54821K [0x00000000eab00000, 0x0000000100000000, 0x0000000100000000)
  eden space 116736K, 0% used [0x00000000eab00000,0x00000000eab00000,0x00000000f1d00000)
  from space 116224K, 47% used [0x00000000f8e80000,0x00000000fc409438,0x0000000100000000)
  to   space 116224K, 0% used [0x00000000f1d00000,0x00000000f1d00000,0x00000000f8e80000)
 ParOldGen       total 276480K, used 261919K [0x00000000c0000000, 0x00000000d0e00000, 0x00000000eab00000)
  object space 276480K, 94% used [0x00000000c0000000,0x00000000cffc7eb8,0x00000000d0e00000)
 Metaspace       used 6534K, capacity 7286K, committed 7552K, reserved 1056768K
  class space    used 610K, capacity 622K, committed 640K, reserved 1048576K
GC Heap History (10 events):
Event: 23.308 GC heap after
Heap after GC invocations=16 (full 2):
 PSYoungGen      total 255488K, used 59746K [0x00000000eab00000, 0x0000000100000000, 0x0000000100000000)
  eden space 174080K, 0% used [0x00000000eab00000,0x00000000eab00000,0x00000000f5500000)
  from space 81408K, 73% used [0x00000000fb080000,0x00000000fead8968,0x0000000100000000)
  to   space 87552K, 0% used [0x00000000f5500000,0x00000000f5500000,0x00000000faa80000)
 ParOldGen       total 276480K, used 175131K [0x00000000c0000000, 0x00000000d0e00000, 0x00000000eab00000)
  object space 276480K, 63% used [0x00000000c0000000,0x00000000cab06ff8,0x00000000d0e00000)
 Metaspace       used 6520K, capacity 7286K, committed 7552K, reserved 1056768K
  class space    used 610K, capacity 622K, committed 640K, reserved 1048576K
}
Event: 24.449 GC heap before
{Heap before GC invocations=17 (full 2):
 PSYoungGen      total 255488K, used 233826K [0x00000000eab00000, 0x0000000100000000, 0x0000000100000000)
  eden space 174080K, 100% used [0x00000000eab00000,0x00000000f5500000,0x00000000f5500000)
  from space 81408K, 73% used [0x00000000fb080000,0x00000000fead8968,0x0000000100000000)
  to   space 87552K, 0% used [0x00000000f5500000,0x00000000f5500000,0x00000000faa80000)
 ParOldGen       total 276480K, used 175131K [0x00000000c0000000, 0x00000000d0e00000, 0x00000000eab00000)
  object space 276480K, 63% used [0x00000000c0000000,0x00000000cab06ff8,0x00000000d0e00000)
 Metaspace       used 6529K, capacity 7286K, committed 7552K, reserved 1056768K
  class space    used 610K, capacity 622K, committed 640K, reserved 1048576K
Event: 24.791 GC heap after
Heap after GC invocations=17 (full 2):
 PSYoungGen      total 259584K, used 85079K [0x00000000eab00000, 0x0000000100000000, 0x0000000100000000)
  eden space 174080K, 0% used [0x00000000eab00000,0x00000000eab00000,0x00000000f5500000)
  from space 85504K, 99% used [0x00000000f5500000,0x00000000fa815de0,0x00000000fa880000)
  to   space 89600K, 0% used [0x00000000fa880000,0x00000000fa880000,0x0000000100000000)
 ParOldGen       total 276480K, used 175131K [0x00000000c0000000, 0x00000000d0e00000, 0x00000000eab00000)
  object space 276480K, 63% used [0x00000000c0000000,0x00000000cab06ff8,0x00000000d0e00000)
 Metaspace       used 6529K, capacity 7286K, committed 7552K, reserved 1056768K
  class space    used 610K, capacity 622K, committed 640K, reserved 1048576K
}
Event: 26.386 GC heap before
{Heap before GC invocations=18 (full 2):
 PSYoungGen      total 259584K, used 259159K [0x00000000eab00000, 0x0000000100000000, 0x0000000100000000)
  eden space 174080K, 100% used [0x00000000eab00000,0x00000000f5500000,0x00000000f5500000)
  from space 85504K, 99% used [0x00000000f5500000,0x00000000fa815de0,0x00000000fa880000)
  to   space 89600K, 0% used [0x00000000fa880000,0x00000000fa880000,0x0000000100000000)
 ParOldGen       total 276480K, used 175131K [0x00000000c0000000, 0x00000000d0e00000, 0x00000000eab00000)
  object space 276480K, 63% used [0x00000000c0000000,0x00000000cab06ff8,0x00000000d0e00000)
 Metaspace       used 6531K, capacity 7286K, committed 7552K, reserved 1056768K
  class space    used 610K, capacity 622K, committed 640K, reserved 1048576K
Event: 27.011 GC heap after
Heap after GC invocations=18 (full 2):
 PSYoungGen      total 206336K, used 89590K [0x00000000eab00000, 0x0000000100000000, 0x0000000100000000)
  eden space 116736K, 0% used [0x00000000eab00000,0x00000000eab00000,0x00000000f1d00000)
  from space 89600K, 99% used [0x00000000fa880000,0x00000000ffffdb08,0x0000000100000000)
  to   space 116224K, 0% used [0x00000000f1d00000,0x00000000f1d00000,0x00000000f8e80000)
 ParOldGen       total 276480K, used 193322K [0x00000000c0000000, 0x00000000d0e00000, 0x00000000eab00000)
  object space 276480K, 69% used [0x00000000c0000000,0x00000000cbcca988,0x00000000d0e00000)
 Metaspace       used 6531K, capacity 7286K, committed 7552K, reserved 1056768K
  class space    used 610K, capacity 622K, committed 640K, reserved 1048576K
}
Event: 27.780 GC heap before
{Heap before GC invocations=19 (full 2):
 PSYoungGen      total 206336K, used 206326K [0x00000000eab00000, 0x0000000100000000, 0x0000000100000000)
  eden space 116736K, 100% used [0x00000000eab00000,0x00000000f1d00000,0x00000000f1d00000)
  from space 89600K, 99% used [0x00000000fa880000,0x00000000ffffdb08,0x0000000100000000)
  to   space 116224K, 0% used [0x00000000f1d00000,0x00000000f1d00000,0x00000000f8e80000)
 ParOldGen       total 276480K, used 193322K [0x00000000c0000000, 0x00000000d0e00000, 0x00000000eab00000)
  object space 276480K, 69% used [0x00000000c0000000,0x00000000cbcca988,0x00000000d0e00000)
 Metaspace       used 6534K, capacity 7286K, committed 7552K, reserved 1056768K
  class space    used 610K, capacity 622K, committed 640K, reserved 1048576K
Event: 28.264 GC heap after
Heap after GC invocations=19 (full 2):
 PSYoungGen      total 232960K, used 88078K [0x00000000eab00000, 0x0000000100000000, 0x0000000100000000)
  eden space 116736K, 0% used [0x00000000eab00000,0x00000000eab00000,0x00000000f1d00000)
  from space 116224K, 75% used [0x00000000f1d00000,0x00000000f7303ac8,0x00000000f8e80000)
  to   space 116224K, 0% used [0x00000000f8e80000,0x00000000f8e80000,0x0000000100000000)
 ParOldGen       total 276480K, used 214535K [0x00000000c0000000, 0x00000000d0e00000, 0x00000000eab00000)
  object space 276480K, 77% used [0x00000000c0000000,0x00000000cd181f70,0x00000000d0e00000)
 Metaspace       used 6534K, capacity 7286K, committed 7552K, reserved 1056768K
  class space    used 610K, capacity 622K, committed 640K, reserved 1048576K
}
Event: 29.026 GC heap before
{Heap before GC invocations=20 (full 2):
 PSYoungGen      total 232960K, used 204814K [0x00000000eab00000, 0x0000000100000000, 0x0000000100000000)
  eden space 116736K, 100% used [0x00000000eab00000,0x00000000f1d00000,0x00000000f1d00000)
  from space 116224K, 75% used [0x00000000f1d00000,0x00000000f7303ac8,0x00000000f8e80000)
  to   space 116224K, 0% used [0x00000000f8e80000,0x00000000f8e80000,0x0000000100000000)
 ParOldGen       total 276480K, used 214535K [0x00000000c0000000, 0x00000000d0e00000, 0x00000000eab00000)
  object space 276480K, 77% used [0x00000000c0000000,0x00000000cd181f70,0x00000000d0e00000)
 Metaspace       used 6534K, capacity 7286K, committed 7552K, reserved 1056768K
  class space    used 610K, capacity 622K, committed 640K, reserved 1048576K
Event: 29.575 GC heap after
Heap after GC invocations=20 (full 2):
 PSYoungGen      total 232960K, used 54821K [0x00000000eab00000, 0x0000000100000000, 0x0000000100000000)
  eden space 116736K, 0% used [0x00000000eab00000,0x00000000eab00000,0x00000000f1d00000)
  from space 116224K, 47% used [0x00000000f8e80000,0x00000000fc409438,0x0000000100000000)
  to   space 116224K, 0% used [0x00000000f1d00000,0x00000000f1d00000,0x00000000f8e80000)
 ParOldGen       total 276480K, used 261919K [0x00000000c0000000, 0x00000000d0e00000, 0x00000000eab00000)
  object space 276480K, 94% used [0x00000000c0000000,0x00000000cffc7eb8,0x00000000d0e00000)
 Metaspace       used 6534K, capacity 7286K, committed 7552K, reserved 1056768K
  class space    used 610K, capacity 622K, committed 640K, reserved 1048576K
}
Event: 29.575 GC heap before
{Heap before GC invocations=21 (full 3):
 PSYoungGen      total 232960K, used 54821K [0x00000000eab00000, 0x0000000100000000, 0x0000000100000000)
  eden space 116736K, 0% used [0x00000000eab00000,0x00000000eab00000,0x00000000f1d00000)
  from space 116224K, 47% used [0x00000000f8e80000,0x00000000fc409438,0x0000000100000000)
  to   space 116224K, 0% used [0x00000000f1d00000,0x00000000f1d00000,0x00000000f8e80000)
 ParOldGen       total 276480K, used 261919K [0x00000000c0000000, 0x00000000d0e00000, 0x00000000eab00000)
  object space 276480K, 94% used [0x00000000c0000000,0x00000000cffc7eb8,0x00000000d0e00000)
 Metaspace       used 6534K, capacity 7286K, committed 7552K, reserved 1056768K
  class space    used 610K, capacity 622K, committed 640K, reserved 1048576K

